<?xml version="1.0" encoding="UTF-8"?>
<!-- Generated by org.testng.reporters.JUnitXMLReporter -->
<testsuite ignored="9" hostname="HCULAP0217" failures="0" tests="1" name="Default test" time="76.345" errors="0" timestamp="2024-10-31T20:21:29 IST">
  <testcase classname="Knila_Solution.Project.testRunner" name="Verify_EndVisit" time="74.101"/>
  <testcase classname="Knila_Solution.Project.testRunner" name="Verify_Upload_Attachment_Toaster" time="0.0">
    <ignored/>
  </testcase> <!-- Verify_Upload_Attachment_Toaster -->
  <testcase classname="Knila_Solution.Project.testRunner" name="Delete_Patient_And_Verify_Toaster" time="0.0">
    <ignored/>
  </testcase> <!-- Delete_Patient_And_Verify_Toaster -->
  <testcase classname="Knila_Solution.Project.testRunner" name="Redirect_To_Patient_Details_Screen" time="0.0">
    <ignored/>
  </testcase> <!-- Redirect_To_Patient_Details_Screen -->
  <testcase classname="Knila_Solution.Project.testRunner" name="Attachment_Section_Has_Attachment" time="0.0">
    <ignored/>
  </testcase> <!-- Attachment_Section_Has_Attachment -->
  <testcase classname="Knila_Solution.Project.testRunner" name="Verify_Deleted_Patient_In_Records" time="0.0">
    <ignored/>
  </testcase> <!-- Verify_Deleted_Patient_In_Records -->
  <testcase classname="Knila_Solution.Project.testRunner" name="Upload_Attachment" time="0.0">
    <ignored/>
  </testcase> <!-- Upload_Attachment -->
  <testcase classname="Knila_Solution.Project.testRunner" name="Verify_Recent_Visit_And_Uploaded_Attachment" time="0.0">
    <ignored/>
  </testcase> <!-- Verify_Recent_Visit_And_Uploaded_Attachment -->
  <testcase classname="Knila_Solution.Project.testRunner" name="Start_Confirm_Visit" time="0.0">
    <ignored/>
  </testcase> <!-- Start_Confirm_Visit -->
  <testcase classname="Knila_Solution.Project.testRunner" name="Delete_Patient_And_Provide_Reason" time="0.0">
    <ignored/>
  </testcase> <!-- Delete_Patient_And_Provide_Reason -->
</testsuite> <!-- Default test -->
